[rank: 0] Global seed set to 42
wandb: Currently logged in as: usainzg. Use `wandb login --relogin` to force relogin
wandb: Tracking run with wandb version 0.15.3
wandb: Run data is saved locally in logs/wandb/run-20230523_194820-h8lfbpc5
wandb: Run `wandb offline` to turn off syncing.
wandb: Syncing run resnet18-tucker-0.3-1684864089.2808259
wandb: ⭐️ View project at https://wandb.ai/usainzg/td-compression
wandb: 🚀 View run at https://wandb.ai/usainzg/td-compression/runs/h8lfbpc5
GPU available: True (cuda), used: True
TPU available: False, using: 0 TPU cores
IPU available: False, using: 0 IPUs
HPU available: False, using: 0 HPUs
Missing logger folder: logs/tensorboard/resnet18-tucker-0.3-1684864089.2808259
LOCAL_RANK: 0 - CUDA_VISIBLE_DEVICES: [0]

  | Name  | Type             | Params
-------------------------------------------
0 | model | ResNet           | 3.5 M 
1 | loss  | CrossEntropyLoss | 0     
-------------------------------------------
3.5 M     Trainable params
0         Non-trainable params
3.5 M     Total params
13.932    Total estimated model params size (MB)
SLURM auto-requeueing enabled. Setting signal handlers.
