[rank: 0] Global seed set to 42
GPU available: True (cuda), used: True
TPU available: False, using: 0 TPU cores
IPU available: False, using: 0 IPUs
HPU available: False, using: 0 HPUs
Missing logger folder: logs/tensorboard/vgg19-1686552808.7137136
LOCAL_RANK: 0 - CUDA_VISIBLE_DEVICES: [3]

  | Name  | Type             | Params
-------------------------------------------
0 | model | VGG              | 20.0 M
1 | loss  | CrossEntropyLoss | 0     
-------------------------------------------
20.0 M    Trainable params
0         Non-trainable params
20.0 M    Total params
80.162    Total estimated model params size (MB)
SLURM auto-requeueing enabled. Setting signal handlers.
`Trainer.fit` stopped: `max_epochs=50` reached.
LOCAL_RANK: 0 - CUDA_VISIBLE_DEVICES: [3]
SLURM auto-requeueing enabled. Setting signal handlers.
