[rank: 0] Global seed set to 42
GPU available: True (cuda), used: True
TPU available: False, using: 0 TPU cores
IPU available: False, using: 0 IPUs
HPU available: False, using: 0 HPUs
Missing logger folder: logs/tensorboard/vgg11-1686552808.7863655
LOCAL_RANK: 0 - CUDA_VISIBLE_DEVICES: [1]

  | Name  | Type             | Params
-------------------------------------------
0 | model | VGG              | 9.2 M 
1 | loss  | CrossEntropyLoss | 0     
-------------------------------------------
9.2 M     Trainable params
0         Non-trainable params
9.2 M     Total params
36.924    Total estimated model params size (MB)
SLURM auto-requeueing enabled. Setting signal handlers.
`Trainer.fit` stopped: `max_epochs=50` reached.
LOCAL_RANK: 0 - CUDA_VISIBLE_DEVICES: [1]
SLURM auto-requeueing enabled. Setting signal handlers.
wandb: - 0.006 MB of 0.006 MB uploaded (0.000 MB deduped)wandb: \ 0.006 MB of 0.006 MB uploaded (0.000 MB deduped)wandb: | 0.006 MB of 0.006 MB uploaded (0.000 MB deduped)wandb: / 0.006 MB of 0.006 MB uploaded (0.000 MB deduped)wandb: - 0.006 MB of 0.006 MB uploaded (0.000 MB deduped)wandb: \ 0.006 MB of 0.006 MB uploaded (0.000 MB deduped)wandb: | 0.006 MB of 0.006 MB uploaded (0.000 MB deduped)