[rank: 0] Global seed set to 42
GPU available: True (cuda), used: True
TPU available: False, using: 0 TPU cores
IPU available: False, using: 0 IPUs
HPU available: False, using: 0 HPUs
Missing logger folder: logs/tensorboard/resnet50-1686552808.694886
LOCAL_RANK: 0 - CUDA_VISIBLE_DEVICES: [2]

  | Name  | Type             | Params
-------------------------------------------
0 | model | ResNet           | 23.5 M
1 | loss  | CrossEntropyLoss | 0     
-------------------------------------------
23.5 M    Trainable params
0         Non-trainable params
23.5 M    Total params
94.083    Total estimated model params size (MB)
SLURM auto-requeueing enabled. Setting signal handlers.
`Trainer.fit` stopped: `max_epochs=50` reached.
LOCAL_RANK: 0 - CUDA_VISIBLE_DEVICES: [2]
SLURM auto-requeueing enabled. Setting signal handlers.
