[rank: 0] Global seed set to 42
GPU available: True (cuda), used: True
TPU available: False, using: 0 TPU cores
IPU available: False, using: 0 IPUs
HPU available: False, using: 0 HPUs
Missing logger folder: logs/tensorboard/p-resnet50-cp-0.1-1686646316.838359
LOCAL_RANK: 0 - CUDA_VISIBLE_DEVICES: [5]

  | Name  | Type             | Params
-------------------------------------------
0 | model | ResNet           | 9.5 M 
1 | loss  | CrossEntropyLoss | 0     
-------------------------------------------
9.5 M     Trainable params
0         Non-trainable params
9.5 M     Total params
37.946    Total estimated model params size (MB)
SLURM auto-requeueing enabled. Setting signal handlers.
LOCAL_RANK: 0 - CUDA_VISIBLE_DEVICES: [5]
SLURM auto-requeueing enabled. Setting signal handlers.
wandb: - 0.005 MB of 0.005 MB uploaded (0.000 MB deduped)wandb: \ 0.005 MB of 0.005 MB uploaded (0.000 MB deduped)wandb: | 0.005 MB of 0.005 MB uploaded (0.000 MB deduped)wandb: / 0.005 MB of 0.005 MB uploaded (0.000 MB deduped)wandb: - 0.005 MB of 0.005 MB uploaded (0.000 MB deduped)wandb: \ 0.005 MB of 0.005 MB uploaded (0.000 MB deduped)