[rank: 0] Global seed set to 42
GPU available: True (cuda), used: True
TPU available: False, using: 0 TPU cores
IPU available: False, using: 0 IPUs
HPU available: False, using: 0 HPUs
Missing logger folder: logs/tensorboard/p-vgg11-cp-0.2-1686647998.8734324
LOCAL_RANK: 0 - CUDA_VISIBLE_DEVICES: [2]

  | Name  | Type             | Params
-------------------------------------------
0 | model | VGG              | 1.9 M 
1 | loss  | CrossEntropyLoss | 0     
-------------------------------------------
1.9 M     Trainable params
0         Non-trainable params
1.9 M     Total params
7.441     Total estimated model params size (MB)
SLURM auto-requeueing enabled. Setting signal handlers.
LOCAL_RANK: 0 - CUDA_VISIBLE_DEVICES: [2]
SLURM auto-requeueing enabled. Setting signal handlers.
wandb: - 0.006 MB of 0.006 MB uploaded (0.000 MB deduped)wandb: \ 0.006 MB of 0.006 MB uploaded (0.000 MB deduped)wandb: | 0.006 MB of 0.006 MB uploaded (0.000 MB deduped)wandb: / 0.006 MB of 0.006 MB uploaded (0.000 MB deduped)wandb: - 0.006 MB of 0.006 MB uploaded (0.000 MB deduped)