[rank: 0] Global seed set to 42
GPU available: True (cuda), used: True
TPU available: False, using: 0 TPU cores
IPU available: False, using: 0 IPUs
HPU available: False, using: 0 HPUs
Missing logger folder: logs/tensorboard/p-resnet18-tt-0.1-1686645051.421377
LOCAL_RANK: 0 - CUDA_VISIBLE_DEVICES: [2]

  | Name  | Type             | Params
-------------------------------------------
0 | model | ResNet           | 723 K 
1 | loss  | CrossEntropyLoss | 0     
-------------------------------------------
723 K     Trainable params
0         Non-trainable params
723 K     Total params
2.894     Total estimated model params size (MB)
SLURM auto-requeueing enabled. Setting signal handlers.
LOCAL_RANK: 0 - CUDA_VISIBLE_DEVICES: [2]
SLURM auto-requeueing enabled. Setting signal handlers.
wandb: - 0.005 MB of 0.005 MB uploaded (0.000 MB deduped)wandb: \ 0.005 MB of 0.005 MB uploaded (0.000 MB deduped)wandb: | 0.005 MB of 0.005 MB uploaded (0.000 MB deduped)wandb: / 0.005 MB of 0.005 MB uploaded (0.000 MB deduped)wandb: - 0.005 MB of 0.005 MB uploaded (0.000 MB deduped)wandb: \ 0.005 MB of 0.005 MB uploaded (0.000 MB deduped)