[rank: 0] Global seed set to 42
GPU available: True (cuda), used: True
TPU available: False, using: 0 TPU cores
IPU available: False, using: 0 IPUs
HPU available: False, using: 0 HPUs
Missing logger folder: logs/tensorboard/p-resnet50-tucker-0.8-1686646819.4618564
LOCAL_RANK: 0 - CUDA_VISIBLE_DEVICES: [6]

  | Name  | Type             | Params
-------------------------------------------
0 | model | ResNet           | 20.4 M
1 | loss  | CrossEntropyLoss | 0     
-------------------------------------------
20.4 M    Trainable params
0         Non-trainable params
20.4 M    Total params
81.640    Total estimated model params size (MB)
SLURM auto-requeueing enabled. Setting signal handlers.
LOCAL_RANK: 0 - CUDA_VISIBLE_DEVICES: [6]
SLURM auto-requeueing enabled. Setting signal handlers.
wandb: - 0.005 MB of 0.005 MB uploaded (0.000 MB deduped)wandb: \ 0.005 MB of 0.005 MB uploaded (0.000 MB deduped)wandb: | 0.005 MB of 0.012 MB uploaded (0.000 MB deduped)wandb: / 0.012 MB of 0.012 MB uploaded (0.000 MB deduped)wandb: - 0.012 MB of 0.012 MB uploaded (0.000 MB deduped)