[rank: 0] Global seed set to 42
GPU available: True (cuda), used: True
TPU available: False, using: 0 TPU cores
IPU available: False, using: 0 IPUs
HPU available: False, using: 0 HPUs
Missing logger folder: logs/tensorboard/p-resnet34-cp-0.1-1686645693.0684016
LOCAL_RANK: 0 - CUDA_VISIBLE_DEVICES: [6]

  | Name  | Type             | Params
-------------------------------------------
0 | model | ResNet           | 2.3 M 
1 | loss  | CrossEntropyLoss | 0     
-------------------------------------------
2.3 M     Trainable params
0         Non-trainable params
2.3 M     Total params
9.232     Total estimated model params size (MB)
SLURM auto-requeueing enabled. Setting signal handlers.
LOCAL_RANK: 0 - CUDA_VISIBLE_DEVICES: [6]
SLURM auto-requeueing enabled. Setting signal handlers.
wandb: - 0.005 MB of 0.005 MB uploaded (0.000 MB deduped)wandb: \ 0.005 MB of 0.005 MB uploaded (0.000 MB deduped)wandb: | 0.005 MB of 0.005 MB uploaded (0.000 MB deduped)wandb: / 0.005 MB of 0.005 MB uploaded (0.000 MB deduped)wandb: - 0.005 MB of 0.005 MB uploaded (0.000 MB deduped)wandb: \ 0.005 MB of 0.005 MB uploaded (0.000 MB deduped)