[rank: 0] Global seed set to 42
GPU available: True (cuda), used: True
TPU available: False, using: 0 TPU cores
IPU available: False, using: 0 IPUs
HPU available: False, using: 0 HPUs
Missing logger folder: logs/tensorboard/p-resnet34-tucker-0.2-1686645619.7633078
LOCAL_RANK: 0 - CUDA_VISIBLE_DEVICES: [5]

  | Name  | Type             | Params
-------------------------------------------
0 | model | ResNet           | 4.4 M 
1 | loss  | CrossEntropyLoss | 0     
-------------------------------------------
4.4 M     Trainable params
0         Non-trainable params
4.4 M     Total params
17.696    Total estimated model params size (MB)
SLURM auto-requeueing enabled. Setting signal handlers.
LOCAL_RANK: 0 - CUDA_VISIBLE_DEVICES: [5]
SLURM auto-requeueing enabled. Setting signal handlers.
wandb: - 0.005 MB of 0.005 MB uploaded (0.000 MB deduped)wandb: \ 0.005 MB of 0.005 MB uploaded (0.000 MB deduped)wandb: | 0.005 MB of 0.005 MB uploaded (0.000 MB deduped)wandb: / 0.005 MB of 0.005 MB uploaded (0.000 MB deduped)wandb: - 0.005 MB of 0.005 MB uploaded (0.000 MB deduped)wandb: \ 0.005 MB of 0.005 MB uploaded (0.000 MB deduped)